  main.cpp
C:\Users\seewo\source\repos\SCE V4.0B7\SCE V4.0B7\Core.h(13,10): warning C4244: “初始化”: 从“double”转换到“float”，可能丢失数据
  (编译源文件“main.cpp”)
  
C:\Users\seewo\source\repos\SCE V4.0B7\SCE V4.0B7\Core.h(14,10): warning C4244: “初始化”: 从“double”转换到“float”，可能丢失数据
  (编译源文件“main.cpp”)
  
C:\Users\seewo\source\repos\SCE V4.0B7\SCE V4.0B7\Core.h(16,15): warning C4244: “初始化”: 从“double”转换到“float”，可能丢失数据
  (编译源文件“main.cpp”)
  
C:\Users\seewo\source\repos\SCE V4.0B7\SCE V4.0B7\Core.h(17,15): warning C4244: “初始化”: 从“double”转换到“float”，可能丢失数据
  (编译源文件“main.cpp”)
  
C:\Users\seewo\source\repos\SCE V4.0B7\SCE V4.0B7\Core.h(21,10): warning C4244: “初始化”: 从“int”转换到“float”，可能丢失数据
  (编译源文件“main.cpp”)
  
C:\Users\seewo\source\repos\SCE V4.0B7\SCE V4.0B7\Core.h(22,10): warning C4244: “初始化”: 从“int”转换到“float”，可能丢失数据
  (编译源文件“main.cpp”)
  
C:\Users\seewo\source\repos\SCE V4.0B7\SCE V4.0B7\Core.h(24,10): warning C4244: “初始化”: 从“int”转换到“float”，可能丢失数据
  (编译源文件“main.cpp”)
  
C:\Users\seewo\source\repos\SCE V4.0B7\SCE V4.0B7\Core.h(26,10): warning C4244: “初始化”: 从“int”转换到“float”，可能丢失数据
  (编译源文件“main.cpp”)
  
C:\Users\seewo\source\repos\SCE V4.0B7\SCE V4.0B7\Core.h(31,10): warning C4244: “初始化”: 从“int”转换到“float”，可能丢失数据
  (编译源文件“main.cpp”)
  
C:\Users\seewo\source\repos\SCE V4.0B7\SCE V4.0B7\Core.h(34,10): warning C4244: “=”: 从“int”转换到“float”，可能丢失数据
  (编译源文件“main.cpp”)
  
C:\Users\seewo\source\repos\SCE V4.0B7\SCE V4.0B7\Core.h(36,11): warning C4244: “=”: 从“int”转换到“float”，可能丢失数据
  (编译源文件“main.cpp”)
  
C:\Users\seewo\source\repos\SCE V4.0B7\SCE V4.0B7\Core.h(44,18): warning C4244: “初始化”: 从“float”转换到“int”，可能丢失数据
  (编译源文件“main.cpp”)
  
C:\Users\seewo\source\repos\SCE V4.0B7\SCE V4.0B7\Core.h(46,16): warning C4244: “初始化”: 从“float”转换到“int”，可能丢失数据
  (编译源文件“main.cpp”)
  
C:\Users\seewo\source\repos\SCE V4.0B7\SCE V4.0B7\Core.h(57,18): warning C4244: “初始化”: 从“float”转换到“int”，可能丢失数据
  (编译源文件“main.cpp”)
  
C:\Users\seewo\source\repos\SCE V4.0B7\SCE V4.0B7\Core.h(58,17): warning C4244: “初始化”: 从“float”转换到“int”，可能丢失数据
  (编译源文件“main.cpp”)
  
C:\Users\seewo\source\repos\SCE V4.0B7\SCE V4.0B7\Core.h(60,19): warning C4244: “初始化”: 从“float”转换到“int”，可能丢失数据
  (编译源文件“main.cpp”)
  
C:\Users\seewo\source\repos\SCE V4.0B7\SCE V4.0B7\Core.h(61,18): warning C4244: “初始化”: 从“float”转换到“int”，可能丢失数据
  (编译源文件“main.cpp”)
  
C:\Users\seewo\source\repos\SCE V4.0B7\SCE V4.0B7\Core.h(66,124): warning C4244: “=”: 从“double”转换到“float”，可能丢失数据
  (编译源文件“main.cpp”)
  
C:\Users\seewo\source\repos\SCE V4.0B7\SCE V4.0B7\Core.h(68,126): warning C4244: “=”: 从“double”转换到“float”，可能丢失数据
  (编译源文件“main.cpp”)
  
C:\Users\seewo\source\repos\SCE V4.0B7\SCE V4.0B7\Core.h(71,124): warning C4244: “=”: 从“double”转换到“float”，可能丢失数据
  (编译源文件“main.cpp”)
  
C:\Users\seewo\source\repos\SCE V4.0B7\SCE V4.0B7\Core.h(75,124): warning C4244: “=”: 从“double”转换到“float”，可能丢失数据
  (编译源文件“main.cpp”)
  
C:\Users\seewo\source\repos\SCE V4.0B7\SCE V4.0B7\Core.h(79,122): warning C4244: “=”: 从“double”转换到“float”，可能丢失数据
  (编译源文件“main.cpp”)
  
C:\Users\seewo\source\repos\SCE V4.0B7\SCE V4.0B7\Core.h(88,9): warning C4244: “return”: 从“float”转换到“int”，可能丢失数据
  (编译源文件“main.cpp”)
  
C:\Users\seewo\source\repos\SCE V4.0B7\SCE V4.0B7\Core.h(63,8): warning C4101: “foldept”: 未引用的局部变量
  (编译源文件“main.cpp”)
  
C:\Users\seewo\source\repos\SCE V4.0B7\SCE V4.0B7\Core.h(93,10): warning C4244: “初始化”: 从“double”转换到“float”，可能丢失数据
  (编译源文件“main.cpp”)
  
C:\Users\seewo\source\repos\SCE V4.0B7\SCE V4.0B7\Core.h(94,10): warning C4244: “初始化”: 从“double”转换到“float”，可能丢失数据
  (编译源文件“main.cpp”)
  
C:\Users\seewo\source\repos\SCE V4.0B7\SCE V4.0B7\Core.h(96,15): warning C4244: “初始化”: 从“double”转换到“float”，可能丢失数据
  (编译源文件“main.cpp”)
  
C:\Users\seewo\source\repos\SCE V4.0B7\SCE V4.0B7\Core.h(97,15): warning C4244: “初始化”: 从“double”转换到“float”，可能丢失数据
  (编译源文件“main.cpp”)
  
C:\Users\seewo\source\repos\SCE V4.0B7\SCE V4.0B7\Core.h(101,10): warning C4244: “初始化”: 从“int”转换到“float”，可能丢失数据
  (编译源文件“main.cpp”)
  
C:\Users\seewo\source\repos\SCE V4.0B7\SCE V4.0B7\Core.h(102,10): warning C4244: “初始化”: 从“int”转换到“float”，可能丢失数据
  (编译源文件“main.cpp”)
  
C:\Users\seewo\source\repos\SCE V4.0B7\SCE V4.0B7\Core.h(104,10): warning C4244: “初始化”: 从“int”转换到“float”，可能丢失数据
  (编译源文件“main.cpp”)
  
C:\Users\seewo\source\repos\SCE V4.0B7\SCE V4.0B7\Core.h(106,10): warning C4244: “初始化”: 从“int”转换到“float”，可能丢失数据
  (编译源文件“main.cpp”)
  
C:\Users\seewo\source\repos\SCE V4.0B7\SCE V4.0B7\Core.h(111,10): warning C4244: “初始化”: 从“int”转换到“float”，可能丢失数据
  (编译源文件“main.cpp”)
  
C:\Users\seewo\source\repos\SCE V4.0B7\SCE V4.0B7\Core.h(114,10): warning C4244: “=”: 从“int”转换到“float”，可能丢失数据
  (编译源文件“main.cpp”)
  
C:\Users\seewo\source\repos\SCE V4.0B7\SCE V4.0B7\Core.h(116,11): warning C4244: “=”: 从“int”转换到“float”，可能丢失数据
  (编译源文件“main.cpp”)
  
C:\Users\seewo\source\repos\SCE V4.0B7\SCE V4.0B7\Core.h(124,18): warning C4244: “初始化”: 从“float”转换到“int”，可能丢失数据
  (编译源文件“main.cpp”)
  
C:\Users\seewo\source\repos\SCE V4.0B7\SCE V4.0B7\Core.h(126,16): warning C4244: “初始化”: 从“float”转换到“int”，可能丢失数据
  (编译源文件“main.cpp”)
  
C:\Users\seewo\source\repos\SCE V4.0B7\SCE V4.0B7\Core.h(137,18): warning C4244: “初始化”: 从“float”转换到“int”，可能丢失数据
  (编译源文件“main.cpp”)
  
C:\Users\seewo\source\repos\SCE V4.0B7\SCE V4.0B7\Core.h(138,17): warning C4244: “初始化”: 从“float”转换到“int”，可能丢失数据
  (编译源文件“main.cpp”)
  
C:\Users\seewo\source\repos\SCE V4.0B7\SCE V4.0B7\Core.h(140,19): warning C4244: “初始化”: 从“float”转换到“int”，可能丢失数据
  (编译源文件“main.cpp”)
  
C:\Users\seewo\source\repos\SCE V4.0B7\SCE V4.0B7\Core.h(141,18): warning C4244: “初始化”: 从“float”转换到“int”，可能丢失数据
  (编译源文件“main.cpp”)
  
C:\Users\seewo\source\repos\SCE V4.0B7\SCE V4.0B7\Core.h(145,110): warning C4244: “=”: 从“double”转换到“float”，可能丢失数据
  (编译源文件“main.cpp”)
  
C:\Users\seewo\source\repos\SCE V4.0B7\SCE V4.0B7\Core.h(147,108): warning C4244: “=”: 从“double”转换到“float”，可能丢失数据
  (编译源文件“main.cpp”)
  
C:\Users\seewo\source\repos\SCE V4.0B7\SCE V4.0B7\Core.h(149,110): warning C4244: “=”: 从“double”转换到“float”，可能丢失数据
  (编译源文件“main.cpp”)
  
C:\Users\seewo\source\repos\SCE V4.0B7\SCE V4.0B7\Core.h(151,110): warning C4244: “=”: 从“double”转换到“float”，可能丢失数据
  (编译源文件“main.cpp”)
  
C:\Users\seewo\source\repos\SCE V4.0B7\SCE V4.0B7\Core.h(153,112): warning C4244: “=”: 从“double”转换到“float”，可能丢失数据
  (编译源文件“main.cpp”)
  
C:\Users\seewo\source\repos\SCE V4.0B7\SCE V4.0B7\Core.h(161,9): warning C4244: “return”: 从“float”转换到“int”，可能丢失数据
  (编译源文件“main.cpp”)
  
C:\Users\seewo\source\repos\SCE V4.0B7\SCE V4.0B7\Core.h(143,23): warning C4101: “mainept”: 未引用的局部变量
  (编译源文件“main.cpp”)
  
C:\Users\seewo\source\repos\SCE V4.0B7\SCE V4.0B7\Core.h(166,10): warning C4244: “初始化”: 从“double”转换到“float”，可能丢失数据
  (编译源文件“main.cpp”)
  
C:\Users\seewo\source\repos\SCE V4.0B7\SCE V4.0B7\Core.h(167,10): warning C4244: “初始化”: 从“double”转换到“float”，可能丢失数据
  (编译源文件“main.cpp”)
  
C:\Users\seewo\source\repos\SCE V4.0B7\SCE V4.0B7\Core.h(169,15): warning C4244: “初始化”: 从“double”转换到“float”，可能丢失数据
  (编译源文件“main.cpp”)
  
C:\Users\seewo\source\repos\SCE V4.0B7\SCE V4.0B7\Core.h(170,15): warning C4244: “初始化”: 从“double”转换到“float”，可能丢失数据
  (编译源文件“main.cpp”)
  
C:\Users\seewo\source\repos\SCE V4.0B7\SCE V4.0B7\Core.h(175,10): warning C4244: “初始化”: 从“int”转换到“float”，可能丢失数据
  (编译源文件“main.cpp”)
  
C:\Users\seewo\source\repos\SCE V4.0B7\SCE V4.0B7\Core.h(176,10): warning C4244: “初始化”: 从“int”转换到“float”，可能丢失数据
  (编译源文件“main.cpp”)
  
C:\Users\seewo\source\repos\SCE V4.0B7\SCE V4.0B7\Core.h(178,10): warning C4244: “初始化”: 从“int”转换到“float”，可能丢失数据
  (编译源文件“main.cpp”)
  
C:\Users\seewo\source\repos\SCE V4.0B7\SCE V4.0B7\Core.h(180,10): warning C4244: “初始化”: 从“int”转换到“float”，可能丢失数据
  (编译源文件“main.cpp”)
  
C:\Users\seewo\source\repos\SCE V4.0B7\SCE V4.0B7\Core.h(185,10): warning C4244: “初始化”: 从“int”转换到“float”，可能丢失数据
  (编译源文件“main.cpp”)
  
C:\Users\seewo\source\repos\SCE V4.0B7\SCE V4.0B7\Core.h(188,10): warning C4244: “=”: 从“int”转换到“float”，可能丢失数据
  (编译源文件“main.cpp”)
  
C:\Users\seewo\source\repos\SCE V4.0B7\SCE V4.0B7\Core.h(190,11): warning C4244: “=”: 从“int”转换到“float”，可能丢失数据
  (编译源文件“main.cpp”)
  
C:\Users\seewo\source\repos\SCE V4.0B7\SCE V4.0B7\Core.h(198,18): warning C4244: “初始化”: 从“float”转换到“int”，可能丢失数据
  (编译源文件“main.cpp”)
  
C:\Users\seewo\source\repos\SCE V4.0B7\SCE V4.0B7\Core.h(200,16): warning C4244: “初始化”: 从“float”转换到“int”，可能丢失数据
  (编译源文件“main.cpp”)
  
C:\Users\seewo\source\repos\SCE V4.0B7\SCE V4.0B7\Core.h(211,18): warning C4244: “初始化”: 从“float”转换到“int”，可能丢失数据
  (编译源文件“main.cpp”)
  
C:\Users\seewo\source\repos\SCE V4.0B7\SCE V4.0B7\Core.h(212,17): warning C4244: “初始化”: 从“float”转换到“int”，可能丢失数据
  (编译源文件“main.cpp”)
  
C:\Users\seewo\source\repos\SCE V4.0B7\SCE V4.0B7\Core.h(214,19): warning C4244: “初始化”: 从“float”转换到“int”，可能丢失数据
  (编译源文件“main.cpp”)
  
C:\Users\seewo\source\repos\SCE V4.0B7\SCE V4.0B7\Core.h(215,18): warning C4244: “初始化”: 从“float”转换到“int”，可能丢失数据
  (编译源文件“main.cpp”)
  
C:\Users\seewo\source\repos\SCE V4.0B7\SCE V4.0B7\Core.h(220,118): warning C4244: “=”: 从“double”转换到“int”，可能丢失数据
  (编译源文件“main.cpp”)
  
C:\Users\seewo\source\repos\SCE V4.0B7\SCE V4.0B7\Core.h(217,23): warning C4101: “mainept”: 未引用的局部变量
  (编译源文件“main.cpp”)
  
C:\Users\seewo\source\repos\SCE V4.0B7\SCE V4.0B7\Core.h(217,8): warning C4101: “foldept”: 未引用的局部变量
  (编译源文件“main.cpp”)
  
C:\Users\seewo\source\repos\SCE V4.0B7\SCE V4.0B7\Core.h(232,10): warning C4244: “初始化”: 从“double”转换到“float”，可能丢失数据
  (编译源文件“main.cpp”)
  
C:\Users\seewo\source\repos\SCE V4.0B7\SCE V4.0B7\Core.h(233,10): warning C4244: “初始化”: 从“double”转换到“float”，可能丢失数据
  (编译源文件“main.cpp”)
  
C:\Users\seewo\source\repos\SCE V4.0B7\SCE V4.0B7\Core.h(235,15): warning C4244: “初始化”: 从“double”转换到“float”，可能丢失数据
  (编译源文件“main.cpp”)
  
C:\Users\seewo\source\repos\SCE V4.0B7\SCE V4.0B7\Core.h(236,15): warning C4244: “初始化”: 从“double”转换到“float”，可能丢失数据
  (编译源文件“main.cpp”)
  
C:\Users\seewo\source\repos\SCE V4.0B7\SCE V4.0B7\Core.h(240,10): warning C4244: “初始化”: 从“int”转换到“float”，可能丢失数据
  (编译源文件“main.cpp”)
  
C:\Users\seewo\source\repos\SCE V4.0B7\SCE V4.0B7\Core.h(241,10): warning C4244: “初始化”: 从“int”转换到“float”，可能丢失数据
  (编译源文件“main.cpp”)
  
C:\Users\seewo\source\repos\SCE V4.0B7\SCE V4.0B7\Core.h(243,10): warning C4244: “初始化”: 从“int”转换到“float”，可能丢失数据
  (编译源文件“main.cpp”)
  
C:\Users\seewo\source\repos\SCE V4.0B7\SCE V4.0B7\Core.h(245,10): warning C4244: “初始化”: 从“int”转换到“float”，可能丢失数据
  (编译源文件“main.cpp”)
  
C:\Users\seewo\source\repos\SCE V4.0B7\SCE V4.0B7\Core.h(258,115): warning C4244: “=”: 从“double”转换到“int”，可能丢失数据
  (编译源文件“main.cpp”)
  
C:\Users\seewo\source\repos\SCE V4.0B7\SCE V4.0B7\Core.h(262,119): warning C4244: “=”: 从“double”转换到“int”，可能丢失数据
  (编译源文件“main.cpp”)
  
C:\Users\seewo\source\repos\SCE V4.0B7\SCE V4.0B7\Core.h(265,115): warning C4244: “=”: 从“double”转换到“int”，可能丢失数据
  (编译源文件“main.cpp”)
  
C:\Users\seewo\source\repos\SCE V4.0B7\SCE V4.0B7\Core.h(269,115): warning C4244: “=”: 从“double”转换到“int”，可能丢失数据
  (编译源文件“main.cpp”)
  
C:\Users\seewo\source\repos\SCE V4.0B7\SCE V4.0B7\Core.h(273,111): warning C4244: “=”: 从“double”转换到“int”，可能丢失数据
  (编译源文件“main.cpp”)
  
C:\Users\seewo\source\repos\SCE V4.0B7\SCE V4.0B7\tools.h(83,29): warning C4101: “e”: 未引用的局部变量
  (编译源文件“main.cpp”)
  
C:\Users\seewo\source\repos\SCE V4.0B7\SCE V4.0B7\tools.h(96,35): warning C4101: “e”: 未引用的局部变量
  (编译源文件“main.cpp”)
  
C:\Users\seewo\source\repos\SCE V4.0B7\SCE V4.0B7\tools.h(99,36): warning C4101: “e”: 未引用的局部变量
  (编译源文件“main.cpp”)
  
C:\Users\seewo\source\repos\SCE V4.0B7\SCE V4.0B7\tools.h(103,32): warning C4101: “e”: 未引用的局部变量
  (编译源文件“main.cpp”)
  
C:\Users\seewo\source\repos\SCE V4.0B7\SCE V4.0B7\tools.h(255,3): warning C4286: “nlohmann::json_abi_v3_11_3::basic_json<std::map,std::vector,std::string,bool,int64_t,uint64_t,double,std::allocator,nlohmann::json_abi_v3_11_3::adl_serializer,std::vector<uint8_t,std::allocator<uint8_t>>,void>::out_of_range &”: 由基类(“std::exception &”)在行 251 上捕获
  (编译源文件“main.cpp”)
  
C:\Users\seewo\source\repos\SCE V4.0B7\SCE V4.0B7\tools.h(258,3): warning C4286: “nlohmann::json_abi_v3_11_3::basic_json<std::map,std::vector,std::string,bool,int64_t,uint64_t,double,std::allocator,nlohmann::json_abi_v3_11_3::adl_serializer,std::vector<uint8_t,std::allocator<uint8_t>>,void>::parse_error &”: 由基类(“std::exception &”)在行 251 上捕获
  (编译源文件“main.cpp”)
  
C:\Users\seewo\source\repos\SCE V4.0B7\SCE V4.0B7\tools.h(251,26): warning C4101: “e”: 未引用的局部变量
  (编译源文件“main.cpp”)
  
C:\Users\seewo\source\repos\SCE V4.0B7\SCE V4.0B7\tools.h(255,30): warning C4101: “e”: 未引用的局部变量
  (编译源文件“main.cpp”)
  
C:\Users\seewo\source\repos\SCE V4.0B7\SCE V4.0B7\tools.h(258,29): warning C4101: “e”: 未引用的局部变量
  (编译源文件“main.cpp”)
  
C:\Users\seewo\source\repos\SCE V4.0B7\SCE V4.0B7\tools.h(303,3): warning C4286: “nlohmann::json_abi_v3_11_3::basic_json<std::map,std::vector,std::string,bool,int64_t,uint64_t,double,std::allocator,nlohmann::json_abi_v3_11_3::adl_serializer,std::vector<uint8_t,std::allocator<uint8_t>>,void>::parse_error &”: 由基类(“std::exception &”)在行 300 上捕获
  (编译源文件“main.cpp”)
  
C:\Users\seewo\source\repos\SCE V4.0B7\SCE V4.0B7\tools.h(306,3): warning C4286: “nlohmann::json_abi_v3_11_3::basic_json<std::map,std::vector,std::string,bool,int64_t,uint64_t,double,std::allocator,nlohmann::json_abi_v3_11_3::adl_serializer,std::vector<uint8_t,std::allocator<uint8_t>>,void>::out_of_range &”: 由基类(“std::exception &”)在行 300 上捕获
  (编译源文件“main.cpp”)
  
C:\Users\seewo\source\repos\SCE V4.0B7\SCE V4.0B7\tools.h(300,26): warning C4101: “e”: 未引用的局部变量
  (编译源文件“main.cpp”)
  
C:\Users\seewo\source\repos\SCE V4.0B7\SCE V4.0B7\tools.h(303,29): warning C4101: “e”: 未引用的局部变量
  (编译源文件“main.cpp”)
  
C:\Users\seewo\source\repos\SCE V4.0B7\SCE V4.0B7\tools.h(306,30): warning C4101: “e”: 未引用的局部变量
  (编译源文件“main.cpp”)
  
C:\Users\seewo\source\repos\SCE V4.0B7\SCE V4.0B7\tools.h(327,3): warning C4286: “nlohmann::json_abi_v3_11_3::basic_json<std::map,std::vector,std::string,bool,int64_t,uint64_t,double,std::allocator,nlohmann::json_abi_v3_11_3::adl_serializer,std::vector<uint8_t,std::allocator<uint8_t>>,void>::parse_error &”: 由基类(“std::exception &”)在行 324 上捕获
  (编译源文件“main.cpp”)
  
C:\Users\seewo\source\repos\SCE V4.0B7\SCE V4.0B7\tools.h(330,3): warning C4286: “nlohmann::json_abi_v3_11_3::basic_json<std::map,std::vector,std::string,bool,int64_t,uint64_t,double,std::allocator,nlohmann::json_abi_v3_11_3::adl_serializer,std::vector<uint8_t,std::allocator<uint8_t>>,void>::out_of_range &”: 由基类(“std::exception &”)在行 324 上捕获
  (编译源文件“main.cpp”)
  
C:\Users\seewo\source\repos\SCE V4.0B7\SCE V4.0B7\tools.h(324,26): warning C4101: “e”: 未引用的局部变量
  (编译源文件“main.cpp”)
  
C:\Users\seewo\source\repos\SCE V4.0B7\SCE V4.0B7\tools.h(327,29): warning C4101: “e”: 未引用的局部变量
  (编译源文件“main.cpp”)
  
C:\Users\seewo\source\repos\SCE V4.0B7\SCE V4.0B7\tools.h(330,30): warning C4101: “e”: 未引用的局部变量
  (编译源文件“main.cpp”)
  
C:\Users\seewo\source\repos\SCE V4.0B7\SCE V4.0B7\main.cpp(445,28): warning C4101: “e”: 未引用的局部变量
C:\Users\seewo\source\repos\SCE V4.0B7\SCE V4.0B7\main.cpp(463,1): warning C4717: “control_res”: 如递归所有控件路径，函数将导致运行时堆栈溢出
  SCE V4.0B7.vcxproj -> C:\Users\seewo\source\repos\SCE V4.0B7\x64\Debug\SCE V4.0B7.exe
